<?xml version="1.0" encoding="UTF-8"?>
<!-- Generated by org.testng.reporters.JUnitXMLReporter -->
<testsuite hostname="ROHIT-PRO-PC" ignored="2" name="fullRegressionTest" tests="3" failures="0" timestamp="2022-02-02T14:56:15 IST" time="36.668" errors="0">
  <testcase name="createOrgTest" time="7.799" classname="com.crm.vtiger.orgTest.CreateOrgTest"/>
  <testcase name="createLeadTest" time="6.914" classname="com.crm.vtiger.leadTest.CreateLeadTest"/>
  <testcase name="createLeadWithIndustryTest" time="6.81" classname="com.crm.vtiger.leadTest.CreateLeadTest"/>
  <testcase name="@AfterSuite configAS" time="0.0" classname="com.crm.vtiger.genericLibrary.BaseClass">
    <ignored/>
  </testcase> <!-- @AfterSuite configAS -->
  <testcase name="@BeforeSuite configBS" time="0.0" classname="com.crm.vtiger.genericLibrary.BaseClass">
    <ignored/>
  </testcase> <!-- @BeforeSuite configBS -->
</testsuite> <!-- fullRegressionTest -->
