<?xml version="1.0" encoding="UTF-8"?>
<!-- Generated by org.testng.reporters.JUnitXMLReporter -->
<testsuite hostname="ROHIT-PRO-PC" ignored="2" name="fullRegressionTest" tests="3" failures="0" timestamp="2022-02-24T22:34:23 IST" time="58.212" errors="0">
  <testcase name="createOrgTest" time="11.311" classname="com.crm.vtiger.orgTest.CreateOrgTest"/>
  <testcase name="createLeadTest" time="9.334" classname="com.crm.vtiger.leadTest.CreateLeadTest"/>
  <testcase name="createLeadWithIndustryTest" time="9.87" classname="com.crm.vtiger.leadTest.CreateLeadTest"/>
  <testcase name="@AfterSuite configAS" time="0.0" classname="com.crm.vtiger.genericLibrary.BaseClass">
    <ignored/>
  </testcase> <!-- @AfterSuite configAS -->
  <testcase name="@BeforeSuite configBS" time="0.0" classname="com.crm.vtiger.genericLibrary.BaseClass">
    <ignored/>
  </testcase> <!-- @BeforeSuite configBS -->
</testsuite> <!-- fullRegressionTest -->
