<?xml version="1.0" encoding="UTF-8"?>
<!-- Generated by org.testng.reporters.JUnitXMLReporter -->
<testsuite hostname="ROHIT-PRO-PC" ignored="1" name="Test" tests="2" failures="2" timestamp="2022-02-24T22:23:25 IST" time="0.762" errors="0">
  <testcase name="createLeadTest" time="0.658" classname="com.crm.vtiger.leadTest.CreateLeadTest">
    <failure type="java.lang.NullPointerException">
      <![CDATA[java.lang.NullPointerException
at org.openqa.selenium.support.pagefactory.DefaultElementLocator.findElement(DefaultElementLocator.java:69)
at org.openqa.selenium.support.pagefactory.internal.LocatingElementHandler.invoke(LocatingElementHandler.java:38)
at com.sun.proxy.$Proxy13.click(Unknown Source)
at com.crm.vtiger.leadTest.CreateLeadTest.createLeadTest(CreateLeadTest.java:31)
at java.util.ArrayList.forEach(ArrayList.java:1257)
... Removed 27 stack frames]]>
    </failure>
  </testcase> <!-- createLeadTest -->
  <testcase name="createOrgTest" time="0.043" classname="com.crm.vtiger.orgTest.CreateOrgTest">
    <failure type="java.lang.NullPointerException">
      <![CDATA[java.lang.NullPointerException
at org.openqa.selenium.support.pagefactory.DefaultElementLocator.findElement(DefaultElementLocator.java:69)
at org.openqa.selenium.support.pagefactory.internal.LocatingElementHandler.invoke(LocatingElementHandler.java:38)
at com.sun.proxy.$Proxy13.click(Unknown Source)
at com.crm.vtiger.orgTest.CreateOrgTest.createOrgTest(CreateOrgTest.java:27)
at java.util.ArrayList.forEach(ArrayList.java:1257)
... Removed 27 stack frames]]>
    </failure>
  </testcase> <!-- createOrgTest -->
  <testcase name="createLeadWithIndustryTest" time="0.0" classname="com.crm.vtiger.leadTest.CreateLeadTest">
    <ignored/>
  </testcase> <!-- createLeadWithIndustryTest -->
</testsuite> <!-- Test -->
