<?xml version="1.0" encoding="UTF-8"?>
<testng-results skipped="0" failed="0" ignored="0" total="2" passed="2">
  <reporter-output>
  </reporter-output>
  <suite name="Default suite" duration-ms="22166" started-at="2022-02-03T14:53:51 IST" finished-at="2022-02-03T14:54:13 IST">
    <groups>
      <group name="regressionTest">
        <method signature="CreateLeadTest.createLeadWithIndustryTest()[pri:0, instance:com.crm.vtiger.leadTest.CreateLeadTest@7ce6a65d]" name="createLeadWithIndustryTest" class="com.crm.vtiger.leadTest.CreateLeadTest"/>
      </group> <!-- regressionTest -->
      <group name="smokeTest">
        <method signature="CreateLeadTest.createLeadTest()[pri:0, instance:com.crm.vtiger.leadTest.CreateLeadTest@7ce6a65d]" name="createLeadTest" class="com.crm.vtiger.leadTest.CreateLeadTest"/>
      </group> <!-- smokeTest -->
    </groups>
    <test name="Default test" duration-ms="22166" started-at="2022-02-03T14:53:51 IST" finished-at="2022-02-03T14:54:13 IST">
      <class name="com.crm.vtiger.leadTest.CreateLeadTest">
        <test-method status="PASS" signature="configBS()[pri:0, instance:com.crm.vtiger.leadTest.CreateLeadTest@7ce6a65d]" name="configBS" is-config="true" duration-ms="8" started-at="2022-02-03T14:53:51 IST" finished-at="2022-02-03T14:53:51 IST">
          <reporter-output>
          </reporter-output>
        </test-method> <!-- configBS -->
        <test-method status="PASS" signature="configBC()[pri:0, instance:com.crm.vtiger.leadTest.CreateLeadTest@7ce6a65d]" name="configBC" is-config="true" duration-ms="1860" started-at="2022-02-03T14:53:51 IST" finished-at="2022-02-03T14:53:53 IST">
          <reporter-output>
          </reporter-output>
        </test-method> <!-- configBC -->
        <test-method status="PASS" signature="configBM()[pri:0, instance:com.crm.vtiger.leadTest.CreateLeadTest@7ce6a65d]" name="configBM" is-config="true" duration-ms="2772" started-at="2022-02-03T14:53:53 IST" finished-at="2022-02-03T14:53:56 IST">
          <reporter-output>
          </reporter-output>
        </test-method> <!-- configBM -->
        <test-method status="PASS" signature="createLeadTest()[pri:0, instance:com.crm.vtiger.leadTest.CreateLeadTest@7ce6a65d]" name="createLeadTest" duration-ms="6579" started-at="2022-02-03T14:53:56 IST" finished-at="2022-02-03T14:54:02 IST">
          <reporter-output>
          </reporter-output>
        </test-method> <!-- createLeadTest -->
        <test-method status="PASS" signature="configAM()[pri:0, instance:com.crm.vtiger.leadTest.CreateLeadTest@7ce6a65d]" name="configAM" is-config="true" duration-ms="966" started-at="2022-02-03T14:54:02 IST" finished-at="2022-02-03T14:54:03 IST">
          <reporter-output>
          </reporter-output>
        </test-method> <!-- configAM -->
        <test-method status="PASS" signature="configBM()[pri:0, instance:com.crm.vtiger.leadTest.CreateLeadTest@7ce6a65d]" name="configBM" is-config="true" duration-ms="1888" started-at="2022-02-03T14:54:03 IST" finished-at="2022-02-03T14:54:05 IST">
          <reporter-output>
          </reporter-output>
        </test-method> <!-- configBM -->
        <test-method status="PASS" signature="createLeadWithIndustryTest()[pri:0, instance:com.crm.vtiger.leadTest.CreateLeadTest@7ce6a65d]" name="createLeadWithIndustryTest" duration-ms="6526" started-at="2022-02-03T14:54:05 IST" finished-at="2022-02-03T14:54:12 IST">
          <reporter-output>
          </reporter-output>
        </test-method> <!-- createLeadWithIndustryTest -->
        <test-method status="PASS" signature="configAM()[pri:0, instance:com.crm.vtiger.leadTest.CreateLeadTest@7ce6a65d]" name="configAM" is-config="true" duration-ms="940" started-at="2022-02-03T14:54:12 IST" finished-at="2022-02-03T14:54:13 IST">
          <reporter-output>
          </reporter-output>
        </test-method> <!-- configAM -->
        <test-method status="PASS" signature="configAC()[pri:0, instance:com.crm.vtiger.leadTest.CreateLeadTest@7ce6a65d]" name="configAC" is-config="true" duration-ms="603" started-at="2022-02-03T14:54:13 IST" finished-at="2022-02-03T14:54:13 IST">
          <reporter-output>
          </reporter-output>
        </test-method> <!-- configAC -->
        <test-method status="PASS" signature="configAS()[pri:0, instance:com.crm.vtiger.leadTest.CreateLeadTest@7ce6a65d]" name="configAS" is-config="true" duration-ms="0" started-at="2022-02-03T14:54:13 IST" finished-at="2022-02-03T14:54:13 IST">
          <reporter-output>
          </reporter-output>
        </test-method> <!-- configAS -->
      </class> <!-- com.crm.vtiger.leadTest.CreateLeadTest -->
    </test> <!-- Default test -->
  </suite> <!-- Default suite -->
</testng-results>
