<?xml version="1.0" encoding="UTF-8"?>
<testng-results skipped="0" failed="0" ignored="2" total="5" passed="3">
  <reporter-output>
  </reporter-output>
  <suite name="Suite" duration-ms="36668" started-at="2022-02-02T14:55:38 IST" finished-at="2022-02-02T14:56:15 IST">
    <groups>
      <group name="regressionTest">
        <method signature="CreateLeadTest.createLeadWithIndustryTest()[pri:0, instance:com.crm.vtiger.leadTest.CreateLeadTest@cb51256]" name="createLeadWithIndustryTest" class="com.crm.vtiger.leadTest.CreateLeadTest"/>
      </group> <!-- regressionTest -->
      <group name="smokeTest">
        <method signature="CreateLeadTest.createLeadTest()[pri:0, instance:com.crm.vtiger.leadTest.CreateLeadTest@cb51256]" name="createLeadTest" class="com.crm.vtiger.leadTest.CreateLeadTest"/>
        <method signature="CreateOrgTest.createOrgTest()[pri:0, instance:com.crm.vtiger.orgTest.CreateOrgTest@e874448]" name="createOrgTest" class="com.crm.vtiger.orgTest.CreateOrgTest"/>
      </group> <!-- smokeTest -->
    </groups>
    <test name="fullRegressionTest" duration-ms="36668" started-at="2022-02-02T14:55:38 IST" finished-at="2022-02-02T14:56:15 IST">
      <class name="com.crm.vtiger.orgTest.CreateOrgTest">
        <test-method status="PASS" signature="configBS()[pri:0, instance:com.crm.vtiger.orgTest.CreateOrgTest@e874448]" name="configBS" is-config="true" duration-ms="8" started-at="2022-02-02T14:55:38 IST" finished-at="2022-02-02T14:55:38 IST">
          <reporter-output>
          </reporter-output>
        </test-method> <!-- configBS -->
        <test-method status="PASS" signature="configBC()[pri:0, instance:com.crm.vtiger.orgTest.CreateOrgTest@e874448]" name="configBC" is-config="true" duration-ms="2202" started-at="2022-02-02T14:55:38 IST" finished-at="2022-02-02T14:55:40 IST">
          <reporter-output>
          </reporter-output>
        </test-method> <!-- configBC -->
        <test-method status="PASS" signature="configBM()[pri:0, instance:com.crm.vtiger.orgTest.CreateOrgTest@e874448]" name="configBM" is-config="true" duration-ms="2893" started-at="2022-02-02T14:55:40 IST" finished-at="2022-02-02T14:55:43 IST">
          <reporter-output>
          </reporter-output>
        </test-method> <!-- configBM -->
        <test-method status="PASS" signature="createOrgTest()[pri:0, instance:com.crm.vtiger.orgTest.CreateOrgTest@e874448]" name="createOrgTest" duration-ms="7799" started-at="2022-02-02T14:55:43 IST" finished-at="2022-02-02T14:55:51 IST">
          <reporter-output>
          </reporter-output>
        </test-method> <!-- createOrgTest -->
        <test-method status="PASS" signature="configAM()[pri:0, instance:com.crm.vtiger.orgTest.CreateOrgTest@e874448]" name="configAM" is-config="true" duration-ms="1011" started-at="2022-02-02T14:55:51 IST" finished-at="2022-02-02T14:55:52 IST">
          <reporter-output>
          </reporter-output>
        </test-method> <!-- configAM -->
        <test-method status="PASS" signature="configAC()[pri:0, instance:com.crm.vtiger.orgTest.CreateOrgTest@e874448]" name="configAC" is-config="true" duration-ms="629" started-at="2022-02-02T14:55:52 IST" finished-at="2022-02-02T14:55:53 IST">
          <reporter-output>
          </reporter-output>
        </test-method> <!-- configAC -->
        <test-method status="PASS" signature="configAS()[pri:0, instance:com.crm.vtiger.orgTest.CreateOrgTest@e874448]" name="configAS" is-config="true" duration-ms="0" started-at="2022-02-02T14:56:15 IST" finished-at="2022-02-02T14:56:15 IST">
          <reporter-output>
          </reporter-output>
        </test-method> <!-- configAS -->
      </class> <!-- com.crm.vtiger.orgTest.CreateOrgTest -->
      <class name="com.crm.vtiger.leadTest.CreateLeadTest">
        <test-method status="PASS" signature="configBC()[pri:0, instance:com.crm.vtiger.leadTest.CreateLeadTest@cb51256]" name="configBC" is-config="true" duration-ms="1253" started-at="2022-02-02T14:55:53 IST" finished-at="2022-02-02T14:55:54 IST">
          <reporter-output>
          </reporter-output>
        </test-method> <!-- configBC -->
        <test-method status="PASS" signature="configBM()[pri:0, instance:com.crm.vtiger.leadTest.CreateLeadTest@cb51256]" name="configBM" is-config="true" duration-ms="2716" started-at="2022-02-02T14:55:54 IST" finished-at="2022-02-02T14:55:57 IST">
          <reporter-output>
          </reporter-output>
        </test-method> <!-- configBM -->
        <test-method status="PASS" signature="createLeadTest()[pri:0, instance:com.crm.vtiger.leadTest.CreateLeadTest@cb51256]" name="createLeadTest" duration-ms="6914" started-at="2022-02-02T14:55:57 IST" finished-at="2022-02-02T14:56:04 IST">
          <reporter-output>
          </reporter-output>
        </test-method> <!-- createLeadTest -->
        <test-method status="PASS" signature="configAM()[pri:0, instance:com.crm.vtiger.leadTest.CreateLeadTest@cb51256]" name="configAM" is-config="true" duration-ms="966" started-at="2022-02-02T14:56:04 IST" finished-at="2022-02-02T14:56:04 IST">
          <reporter-output>
          </reporter-output>
        </test-method> <!-- configAM -->
        <test-method status="PASS" signature="configBM()[pri:0, instance:com.crm.vtiger.leadTest.CreateLeadTest@cb51256]" name="configBM" is-config="true" duration-ms="1872" started-at="2022-02-02T14:56:04 IST" finished-at="2022-02-02T14:56:06 IST">
          <reporter-output>
          </reporter-output>
        </test-method> <!-- configBM -->
        <test-method status="PASS" signature="createLeadWithIndustryTest()[pri:0, instance:com.crm.vtiger.leadTest.CreateLeadTest@cb51256]" name="createLeadWithIndustryTest" duration-ms="6810" started-at="2022-02-02T14:56:06 IST" finished-at="2022-02-02T14:56:13 IST">
          <reporter-output>
          </reporter-output>
        </test-method> <!-- createLeadWithIndustryTest -->
        <test-method status="PASS" signature="configAM()[pri:0, instance:com.crm.vtiger.leadTest.CreateLeadTest@cb51256]" name="configAM" is-config="true" duration-ms="949" started-at="2022-02-02T14:56:13 IST" finished-at="2022-02-02T14:56:14 IST">
          <reporter-output>
          </reporter-output>
        </test-method> <!-- configAM -->
        <test-method status="PASS" signature="configAC()[pri:0, instance:com.crm.vtiger.leadTest.CreateLeadTest@cb51256]" name="configAC" is-config="true" duration-ms="623" started-at="2022-02-02T14:56:14 IST" finished-at="2022-02-02T14:56:15 IST">
          <reporter-output>
          </reporter-output>
        </test-method> <!-- configAC -->
      </class> <!-- com.crm.vtiger.leadTest.CreateLeadTest -->
    </test> <!-- fullRegressionTest -->
  </suite> <!-- Suite -->
</testng-results>
